Base path: C:/Program Files/Unity/Editor/Data
Cmd: getPlatforms
Cmd: compileSnippet
  api=4 type=0 insize=6957 outsize=2710 kw=DIRECTIONAL SHADOWS_SCREEN VERTEXLIGHT_ON pd=UNITY_ENABLE_REFLECTION_BUFFERS UNITY_PBS_USE_BRDF1 UNITY_SPECCUBE_BOX_PROJECTION UNITY_SPECCUBE_BLENDING SHADER_API_DESKTOP UNITY_COLORSPACE_GAMMA ok=1
Cmd: preprocess
  insize=2221 outsize=1077 ok=1
Cmd: preprocess
  insize=3433 outsize=2547 ok=1
Cmd: preprocess
  insize=9881 outsize=3828 ok=1
Cmd: preprocess
  insize=4252 outsize=3549 ok=1
Cmd: preprocess
  insize=6903 outsize=2360 ok=1
Cmd: preprocess
  insize=7613 outsize=2629 ok=1
Cmd: preprocess
  insize=6937 outsize=2372 ok=1
Cmd: preprocess
  insize=3271 outsize=1607 ok=1
Cmd: preprocess
  insize=9889 outsize=3836 ok=1
Cmd: preprocess
  insize=3314 outsize=1210 ok=1
